c:\users\alan\source\repos\mfc_dll\mfc_dll\debug\mfc_dll.pch
c:\users\alan\source\repos\mfc_dll\mfc_dll\debug\vc142.pdb
c:\users\alan\source\repos\mfc_dll\mfc_dll\debug\vc142.idb
c:\users\alan\source\repos\mfc_dll\mfc_dll\debug\pch.obj
c:\users\alan\source\repos\mfc_dll\mfc_dll\debug\mfc_dll.obj
c:\users\alan\source\repos\mfc_dll\mfc_dll\debug\cmaindialogwnd.obj
c:\users\alan\source\repos\mfc_dll\debug\mfc_dll.ilk
c:\users\alan\source\repos\mfc_dll\debug\mfc_dll.dll
c:\users\alan\source\repos\mfc_dll\debug\mfc_dll.pdb
c:\users\alan\source\repos\mfc_dll\debug\mfc_dll.lib
c:\users\alan\source\repos\mfc_dll\debug\mfc_dll.exp
c:\users\alan\source\repos\mfc_dll\mfc_dll\debug\mfc_dll.res
c:\users\alan\source\repos\mfc_dll\mfc_dll\debug\mfc_dll.tlog\cl.command.1.tlog
c:\users\alan\source\repos\mfc_dll\mfc_dll\debug\mfc_dll.tlog\cl.read.1.tlog
c:\users\alan\source\repos\mfc_dll\mfc_dll\debug\mfc_dll.tlog\cl.write.1.tlog
c:\users\alan\source\repos\mfc_dll\mfc_dll\debug\mfc_dll.tlog\link.command.1.tlog
c:\users\alan\source\repos\mfc_dll\mfc_dll\debug\mfc_dll.tlog\link.read.1.tlog
c:\users\alan\source\repos\mfc_dll\mfc_dll\debug\mfc_dll.tlog\link.write.1.tlog
c:\users\alan\source\repos\mfc_dll\mfc_dll\debug\mfc_dll.tlog\mfc_dll.write.1u.tlog
c:\users\alan\source\repos\mfc_dll\mfc_dll\debug\mfc_dll.tlog\rc.command.1.tlog
c:\users\alan\source\repos\mfc_dll\mfc_dll\debug\mfc_dll.tlog\rc.read.1.tlog
c:\users\alan\source\repos\mfc_dll\mfc_dll\debug\mfc_dll.tlog\rc.write.1.tlog
